[    0.000000] Linux version 4.15.0-212-generic (buildd@lcy02-amd64-083) (gcc version 7.5.0 (Ubuntu 7.5.0-3ubuntu1~18.04)) #223-Ubuntu SMP Tue May 23 13:09:22 UTC 2023 (Ubuntu 4.15.0-212.223-generic 4.15.18)
[    0.000000] Command line: BOOT_IMAGE=/boot/vmlinuz-4.15.0-212-generic root=LABEL=cloudimg-rootfs ro console=tty1 console=ttyS0
[    0.000000] KERNEL supported cpus:
[    0.000000]   Intel GenuineIntel
[    0.000000]   AMD AuthenticAMD
[    0.000000]   Centaur CentaurHauls
[    0.000000] x86/fpu: x87 FPU will use FXSAVE
[    0.000000] e820: BIOS-provided physical RAM map:
[    0.000000] BIOS-e820: [mem 0x0000000000000000-0x000000000009fbff] usable
[    0.000000] BIOS-e820: [mem 0x000000000009fc00-0x000000000009ffff] reserved
[    0.000000] BIOS-e820: [mem 0x00000000000f0000-0x00000000000fffff] reserved
[    0.000000] BIOS-e820: [mem 0x0000000000100000-0x000000003ffeffff] usable
[    0.000000] BIOS-e820: [mem 0x000000003fff0000-0x000000003fffffff] ACPI data
[    0.000000] BIOS-e820: [mem 0x00000000fec00000-0x00000000fec00fff] reserved
[    0.000000] BIOS-e820: [mem 0x00000000fee00000-0x00000000fee00fff] reserved
[    0.000000] BIOS-e820: [mem 0x00000000fffc0000-0x00000000ffffffff] reserved
[    0.000000] NX (Execute Disable) protection: active
[    0.000000] SMBIOS 2.5 present.
[    0.000000] DMI: innotek GmbH VirtualBox/VirtualBox, BIOS VirtualBox 12/01/2006
[    0.000000] Hypervisor detected: KVM
[    0.000000] e820: last_pfn = 0x3fff0 max_arch_pfn = 0x400000000
[    0.000000] MTRR: Disabled
[    0.000000] x86/PAT: MTRRs disabled, skipping PAT initialization too.
[    0.000000] CPU MTRRs all blank - virtualized system.
[    0.000000] x86/PAT: Configuration [0-7]: WB  WT  UC- UC  WB  WT  UC- UC  
[    0.000000] found SMP MP-table at [mem 0x0009fff0-0x0009ffff]
[    0.000000] Scanning 1 areas for low memory corruption
[    0.000000] RAMDISK: [mem 0x359cb000-0x36cdcfff]
[    0.000000] ACPI: Early table checksum verification disabled
[    0.000000] ACPI: RSDP 0x00000000000E0000 000024 (v02 VBOX  )
[    0.000000] ACPI: XSDT 0x000000003FFF0030 00003C (v01 VBOX   VBOXXSDT 00000001 ASL  00000061)
[    0.000000] ACPI: FACP 0x000000003FFF00F0 0000F4 (v04 VBOX   VBOXFACP 00000001 ASL  00000061)
[    0.000000] ACPI: DSDT 0x000000003FFF0610 002353 (v02 VBOX   VBOXBIOS 00000002 INTL 20100528)
[    0.000000] ACPI: FACS 0x000000003FFF0200 000040
[    0.000000] ACPI: FACS 0x000000003FFF0200 000040
[    0.000000] ACPI: APIC 0x000000003FFF0240 00005C (v02 VBOX   VBOXAPIC 00000001 ASL  00000061)
[    0.000000] ACPI: SSDT 0x000000003FFF02A0 00036C (v01 VBOX   VBOXCPUT 00000002 INTL 20100528)
[    0.000000] ACPI: Reserving FACP table memory at [mem 0x3fff00f0-0x3fff01e3]
[    0.000000] ACPI: Reserving DSDT table memory at [mem 0x3fff0610-0x3fff2962]
[    0.000000] ACPI: Reserving FACS table memory at [mem 0x3fff0200-0x3fff023f]
[    0.000000] ACPI: Reserving FACS table memory at [mem 0x3fff0200-0x3fff023f]
[    0.000000] ACPI: Reserving APIC table memory at [mem 0x3fff0240-0x3fff029b]
[    0.000000] ACPI: Reserving SSDT table memory at [mem 0x3fff02a0-0x3fff060b]
[    0.000000] No NUMA configuration found
[    0.000000] Faking a node at [mem 0x0000000000000000-0x000000003ffeffff]
[    0.000000] NODE_DATA(0) allocated [mem 0x3ffc5000-0x3ffeffff]
[    0.000000] kvm-clock: cpu 0, msr 0:3ff44001, primary cpu clock
[    0.000000] kvm-clock: Using msrs 4b564d01 and 4b564d00
[    0.000000] kvm-clock: using sched offset of 5571885060 cycles
[    0.000000] clocksource: kvm-clock: mask: 0xffffffffffffffff max_cycles: 0x1cd42e4dffb, max_idle_ns: 881590591483 ns
[    0.000000] Zone ranges:
[    0.000000]   DMA      [mem 0x0000000000001000-0x0000000000ffffff]
[    0.000000]   DMA32    [mem 0x0000000001000000-0x000000003ffeffff]
[    0.000000]   Normal   empty
[    0.000000]   Device   empty
[    0.000000] Movable zone start for each node
[    0.000000] Early memory node ranges
[    0.000000]   node   0: [mem 0x0000000000001000-0x000000000009efff]
[    0.000000]   node   0: [mem 0x0000000000100000-0x000000003ffeffff]
[    0.000000] Reserved but unavailable: 104 pages
[    0.000000] Initmem setup node 0 [mem 0x0000000000001000-0x000000003ffeffff]
[    0.000000] ACPI: PM-Timer IO Port: 0x4008
[    0.000000] IOAPIC[0]: apic_id 2, version 32, address 0xfec00000, GSI 0-23
[    0.000000] ACPI: INT_SRC_OVR (bus 0 bus_irq 0 global_irq 2 dfl dfl)
[    0.000000] ACPI: INT_SRC_OVR (bus 0 bus_irq 9 global_irq 9 low level)
[    0.000000] Using ACPI (MADT) for SMP configuration information
[    0.000000] smpboot: Allowing 2 CPUs, 0 hotplug CPUs
[    0.000000] PM: Registered nosave memory: [mem 0x00000000-0x00000fff]
[    0.000000] PM: Registered nosave memory: [mem 0x0009f000-0x0009ffff]
[    0.000000] PM: Registered nosave memory: [mem 0x000a0000-0x000effff]
[    0.000000] PM: Registered nosave memory: [mem 0x000f0000-0x000fffff]
[    0.000000] e820: [mem 0x40000000-0xfebfffff] available for PCI devices
[    0.000000] Booting paravirtualized kernel on KVM
[    0.000000] clocksource: refined-jiffies: mask: 0xffffffff max_cycles: 0xffffffff, max_idle_ns: 7645519600211568 ns
[    0.000000] setup_percpu: NR_CPUS:8192 nr_cpumask_bits:2 nr_cpu_ids:2 nr_node_ids:1
[    0.000000] percpu: Embedded 50 pages/cpu s167936 r8192 d28672 u1048576
[    0.000000] PV qspinlock hash table entries: 256 (order: 0, 4096 bytes)
[    0.000000] Built 1 zonelists, mobility grouping on.  Total pages: 257913
[    0.000000] Policy zone: DMA32
[    0.000000] Kernel command line: BOOT_IMAGE=/boot/vmlinuz-4.15.0-212-generic root=LABEL=cloudimg-rootfs ro console=tty1 console=ttyS0
[    0.000000] Memory: 982644K/1048120K available (12300K kernel code, 2477K rwdata, 4324K rodata, 2480K init, 2720K bss, 65476K reserved, 0K cma-reserved)
[    0.000000] SLUB: HWalign=64, Order=0-3, MinObjects=0, CPUs=2, Nodes=1
[    0.000000] Kernel/User page tables isolation: enabled
[    0.000000] ftrace: allocating 39508 entries in 155 pages
[    0.004000] Hierarchical RCU implementation.
[    0.004000] 	RCU restricting CPUs from NR_CPUS=8192 to nr_cpu_ids=2.
[    0.004000] 	Tasks RCU enabled.
[    0.004000] RCU: Adjusting geometry for rcu_fanout_leaf=16, nr_cpu_ids=2
[    0.004000] NR_IRQS: 524544, nr_irqs: 440, preallocated irqs: 16
[    0.004000] random: crng init done
[    0.004000] Console: colour VGA+ 80x25
[    0.004000] console [tty1] enabled
[    0.004000] console [ttyS0] enabled
[    0.004000] ACPI: Core revision 20170831
[    0.004000] ACPI: 2 ACPI AML tables successfully acquired and loaded
[    0.004000] APIC: Switch to symmetric I/O mode setup
[    0.008000] ..TIMER: vector=0x30 apic1=0 pin1=2 apic2=-1 pin2=-1
[    0.008009] tsc: Detected 2112.000 MHz processor
[    0.012021] Calibrating delay loop (skipped) preset value.. 4224.00 BogoMIPS (lpj=8448000)
[    0.016007] pid_max: default: 32768 minimum: 301
[    0.020056] Security Framework initialized
[    0.024007] Yama: becoming mindful.
[    0.028209] AppArmor: AppArmor initialized
[    0.041945] Dentry cache hash table entries: 131072 (order: 8, 1048576 bytes)
[    0.049480] Inode-cache hash table entries: 65536 (order: 7, 524288 bytes)
[    0.052200] Mount-cache hash table entries: 2048 (order: 2, 16384 bytes)
[    0.056202] Mountpoint-cache hash table entries: 2048 (order: 2, 16384 bytes)
[    0.067408] Last level iTLB entries: 4KB 64, 2MB 8, 4MB 8
[    0.068008] Last level dTLB entries: 4KB 64, 2MB 0, 4MB 0, 1GB 4
[    0.072009] Spectre V1 : Mitigation: usercopy/swapgs barriers and __user pointer sanitization
[    0.076009] Spectre V2 : Mitigation: Retpolines
[    0.080006] Spectre V2 : Spectre v2 / SpectreRSB mitigation: Filling RSB on context switch
[    0.084006] Spectre V2 : Spectre v2 / SpectreRSB : Filling RSB on VMEXIT
[    0.088006] RETBleed: WARNING: Spectre v2 mitigation leaves CPU vulnerable to RETBleed attacks, data leaks possible!
[    0.096007] RETBleed: Vulnerable
[    0.100006] Speculative Store Bypass: Vulnerable
[    0.104255] MDS: Mitigation: Clear CPU buffers
[    0.108002] MMIO Stale Data: Mitigation: Clear CPU buffers
[    0.112002] SRBDS: Unknown: Dependent on hypervisor status
[    0.120386] Freeing SMP alternatives memory: 36K
[    0.241235] smpboot: CPU0: Intel(R) Core(TM) i7-8650U CPU @ 1.90GHz (family: 0x6, model: 0x8e, stepping: 0xa)
[    0.244491] Performance Events: unsupported p6 CPU model 142 no PMU driver, software events only.
[    0.248264] Hierarchical SRCU implementation.
[    0.254640] NMI watchdog: Perf event create on CPU 0 failed with -2
[    0.260228] NMI watchdog: Perf NMI watchdog permanently disabled
[    0.264955] smp: Bringing up secondary CPUs ...
[    0.272168] x86: Booting SMP configuration:
[    0.276007] .... node  #0, CPUs:      #1
[    0.004000] kvm-clock: cpu 1, msr 0:3ff44041, secondary cpu clock
[    0.308000] TSC synchronization [CPU#0 -> CPU#1]:
[    0.308000] Measured 137492 cycles TSC warp between CPUs, turning off TSC clock.
[    0.308000] tsc: Marking TSC unstable due to check_tsc_sync_source failed
[    0.316846] smp: Brought up 1 node, 2 CPUs
[    0.320004] smpboot: Max logical packages: 1
[    0.324009] smpboot: Total of 2 processors activated (8448.00 BogoMIPS)
[    0.336286] devtmpfs: initialized
[    0.344364] x86/mm: Memory block size: 128MB
[    0.352368] evm: security.selinux
[    0.356002] evm: security.SMACK64
[    0.360006] evm: security.SMACK64EXEC
[    0.364006] evm: security.SMACK64TRANSMUTE
[    0.368006] evm: security.SMACK64MMAP
[    0.372006] evm: security.apparmor
[    0.376005] evm: security.ima
[    0.380007] evm: security.capability
[    0.388560] clocksource: jiffies: mask: 0xffffffff max_cycles: 0xffffffff, max_idle_ns: 7645041785100000 ns
[    0.392021] futex hash table entries: 512 (order: 3, 32768 bytes)
[    0.396227] pinctrl core: initialized pinctrl subsystem
[    0.400614] RTC time: 21:31:05, date: 08/11/24
[    0.408562] NET: Registered protocol family 16
[    0.412128] audit: initializing netlink subsys (disabled)
[    0.416277] audit: type=2000 audit(1723411871.126:1): state=initialized audit_enabled=0 res=1
[    0.432009] cpuidle: using governor ladder
[    0.436019] cpuidle: using governor menu
[    0.440093] ACPI: bus type PCI registered
[    0.444004] acpiphp: ACPI Hot Plug PCI Controller Driver version: 0.5
[    0.448615] PCI: Using configuration type 1 for base access
[    0.460378] HugeTLB registered 2.00 MiB page size, pre-allocated 0 pages
[    0.468719] ACPI: Added _OSI(Module Device)
[    0.472013] ACPI: Added _OSI(Processor Device)
[    0.476011] ACPI: Added _OSI(3.0 _SCP Extensions)
[    0.480008] ACPI: Added _OSI(Processor Aggregator Device)
[    0.484009] ACPI: Added _OSI(Linux-Dell-Video)
[    0.488009] ACPI: Added _OSI(Linux-Lenovo-NV-HDMI-Audio)
[    0.492003] ACPI: Added _OSI(Linux-HPI-Hybrid-Graphics)
[    0.498686] ACPI: Executed 1 blocks of module-level executable AML code
[    0.514851] ACPI: Interpreter enabled
[    0.520015] ACPI: (supports S0 S5)
[    0.528019] ACPI: Using IOAPIC for interrupt routing
[    0.533190] PCI: Using host bridge windows from ACPI; if necessary, use "pci=nocrs" and report a bug
[    0.536792] ACPI: Enabled 2 GPEs in block 00 to 07
[    0.577279] ACPI: PCI Root Bridge [PCI0] (domain 0000 [bus 00-ff])
[    0.580006] acpi PNP0A03:00: _OSC: OS supports [ASPM ClockPM Segments MSI]
[    0.588738] acpi PNP0A03:00: _OSC: not requesting OS control; OS requires [ExtendedConfig ASPM ClockPM MSI]
[    0.592059] acpi PNP0A03:00: fail to add MMCONFIG information, can't access extended PCI configuration space under this bridge.
[    0.598348] PCI host bridge to bus 0000:00
[    0.600003] pci_bus 0000:00: root bus resource [io  0x0000-0x0cf7 window]
[    0.604010] pci_bus 0000:00: root bus resource [io  0x0d00-0xffff window]
[    0.608010] pci_bus 0000:00: root bus resource [mem 0x000a0000-0x000bffff window]
[    0.612003] pci_bus 0000:00: root bus resource [mem 0x40000000-0xfdffffff window]
[    0.616010] pci_bus 0000:00: root bus resource [bus 00-ff]
[    0.644524] pci 0000:00:01.1: legacy IDE quirk: reg 0x10: [io  0x01f0-0x01f7]
[    0.648009] pci 0000:00:01.1: legacy IDE quirk: reg 0x14: [io  0x03f6]
[    0.652009] pci 0000:00:01.1: legacy IDE quirk: reg 0x18: [io  0x0170-0x0177]
[    0.656003] pci 0000:00:01.1: legacy IDE quirk: reg 0x1c: [io  0x0376]
[    0.732010] pci 0000:00:07.0: quirk: [io  0x4000-0x403f] claimed by PIIX4 ACPI
[    0.740120] pci 0000:00:07.0: quirk: [io  0x4100-0x410f] claimed by PIIX4 SMB
[    0.784531] ACPI: PCI Interrupt Link [LNKA] (IRQs 5 9 10 *11)
[    0.789632] ACPI: PCI Interrupt Link [LNKB] (IRQs 5 9 *10 11)
[    0.792219] ACPI: PCI Interrupt Link [LNKC] (IRQs 5 *9 10 11)
[    0.796739] ACPI: PCI Interrupt Link [LNKD] (IRQs 5 9 10 *11)
[    0.801556] SCSI subsystem initialized
[    0.808493] pci 0000:00:02.0: vgaarb: setting as boot VGA device
[    0.812000] pci 0000:00:02.0: vgaarb: VGA device added: decodes=io+mem,owns=io+mem,locks=none
[    0.812013] pci 0000:00:02.0: vgaarb: bridge control possible
[    0.816007] vgaarb: loaded
[    0.820196] ACPI: bus type USB registered
[    0.824016] usbcore: registered new interface driver usbfs
[    0.828076] usbcore: registered new interface driver hub
[    0.832034] usbcore: registered new device driver usb
[    0.840128] EDAC MC: Ver: 3.0.0
[    0.852476] PCI: Using ACPI for IRQ routing
[    0.861129] NetLabel: Initializing
[    0.864007] NetLabel:  domain hash size = 128
[    0.868006] NetLabel:  protocols = UNLABELED CIPSOv4 CALIPSO
[    0.872088] NetLabel:  unlabeled traffic allowed by default
[    0.877313] clocksource: Switched to clocksource kvm-clock
[    0.914004] VFS: Disk quotas dquot_6.6.0
[    0.914004] VFS: Dquot-cache hash table entries: 512 (order 0, 4096 bytes)
[    0.914004] AppArmor: AppArmor Filesystem Enabled
[    0.914004] pnp: PnP ACPI init
[    0.914004] pnp: PnP ACPI: found 3 devices
[    1.149595] clocksource: acpi_pm: mask: 0xffffff max_cycles: 0xffffff, max_idle_ns: 2085701024 ns
[    1.152603] NET: Registered protocol family 2
[    1.152603] IP idents hash table entries: 16384 (order: 5, 131072 bytes)
[    1.171387] TCP established hash table entries: 8192 (order: 4, 65536 bytes)
[    1.183630] TCP bind hash table entries: 8192 (order: 5, 131072 bytes)
[    1.186870] TCP: Hash tables configured (established 8192 bind 8192)
[    1.186870] UDP hash table entries: 512 (order: 2, 16384 bytes)
[    1.186870] UDP-Lite hash table entries: 512 (order: 2, 16384 bytes)
[    1.186870] NET: Registered protocol family 1
[    1.186870] pci 0000:00:00.0: Limiting direct PCI/PCI transfers
[    1.186870] pci 0000:00:01.0: Activating ISA DMA hang workarounds
[    1.263396] pci 0000:00:02.0: Video device with shadowed ROM at [mem 0x000c0000-0x000dffff]
[    1.266784] Unpacking initramfs...
[    2.685041] Freeing initrd memory: 19528K
[    2.700869] clocksource: tsc: mask: 0xffffffffffffffff max_cycles: 0x1e71785e5dd, max_idle_ns: 440795244814 ns
[    2.722335] platform rtc_cmos: registered platform RTC device (no PNP device found)
[    2.743542] Scanning for low memory corruption every 60 seconds
[    2.765145] Initialise system trusted keyrings
[    2.775430] Key type blacklist registered
[    2.787503] workingset: timestamp_bits=36 max_order=18 bucket_order=0
[    2.813318] zbud: loaded
[    2.827496] squashfs: version 4.0 (2009/01/31) Phillip Lougher
[    2.842677] fuse init (API version 7.26)
[    2.941972] Key type asymmetric registered
[    2.953005] Asymmetric key parser 'x509' registered
[    2.961616] Block layer SCSI generic (bsg) driver version 0.4 loaded (major 246)
[    2.977964] io scheduler noop registered
[    2.984929] io scheduler deadline registered
[    2.993768] io scheduler cfq registered (default)
[    3.007249] ACPI: AC Adapter [AC] (off-line)
[    3.019262] input: Power Button as /devices/LNXSYSTM:00/LNXPWRBN:00/input/input0
[    3.038338] ACPI: Power Button [PWRF]
[    3.049083] input: Sleep Button as /devices/LNXSYSTM:00/LNXSLPBN:00/input/input1
[    3.063936] ACPI: Sleep Button [SLPF]
[    3.078651] Serial: 8250/16550 driver, 32 ports, IRQ sharing enabled
[    3.078686] ACPI: Battery Slot [BAT0] (battery present)
[    3.171368] 00:02: ttyS0 at I/O 0x3f8 (irq = 4, base_baud = 115200) is a 16550A
[    3.192227] Linux agpgart interface v0.103
[    3.218713] loop: module loaded
[    3.242459] scsi host0: ata_piix
[    3.259656] scsi host1: ata_piix
[    3.266824] ata1: PATA max UDMA/33 cmd 0x1f0 ctl 0x3f6 bmdma 0xd000 irq 14
[    3.275482] ata2: PATA max UDMA/33 cmd 0x170 ctl 0x376 bmdma 0xd008 irq 15
[    3.285464] tun: Universal TUN/TAP device driver, 1.6
[    3.292842] PPP generic driver version 2.4.2
[    3.297980] ehci_hcd: USB 2.0 'Enhanced' Host Controller (EHCI) Driver
[    3.304668] ehci-pci: EHCI PCI platform driver
[    3.309627] ehci-platform: EHCI generic platform driver
[    3.315713] ohci_hcd: USB 1.1 'Open' Host Controller (OHCI) Driver
[    3.322084] ohci-pci: OHCI PCI platform driver
[    3.331488] ohci-platform: OHCI generic platform driver
[    3.344444] uhci_hcd: USB Universal Host Controller Interface driver
[    3.359247] i8042: PNP: PS/2 Controller [PNP0303:PS2K,PNP0f03:PS2M] at 0x60,0x64 irq 1,12
[    3.387667] serio: i8042 KBD port at 0x60,0x64 irq 1
[    3.397386] serio: i8042 AUX port at 0x60,0x64 irq 12
[    3.409568] mousedev: PS/2 mouse device common for all mice
[    3.434068] input: AT Translated Set 2 keyboard as /devices/platform/i8042/serio0/input/input2
[    3.434511] rtc_cmos rtc_cmos: rtc core: registered rtc_cmos as rtc0
[    3.470098] rtc_cmos rtc_cmos: alarms up to one day, 114 bytes nvram
[    3.489014] i2c /dev entries driver
[    3.504146] device-mapper: uevent: version 1.0.3
[    3.590999] device-mapper: ioctl: 4.37.0-ioctl (2017-09-20) initialised: dm-devel@redhat.com
[    3.608006] ledtrig-cpu: registered to indicate activity on CPUs
[    3.629896] NET: Registered protocol family 10
[    3.676043] Segment Routing with IPv6
[    3.688967] NET: Registered protocol family 17
[    3.701043] Key type dns_resolver registered
[    3.715753] mce: Using 0 MCE banks
[    3.724965] RAS: Correctable Errors collector initialized.
[    3.733143] sched_clock: Marking stable (3733086836, 0)->(5813701772, -2080614936)
[    3.750381] registered taskstats version 1
[    3.755801] Loading compiled-in X.509 certificates
[    3.777328] Loaded X.509 cert 'Build time autogenerated kernel key: b5b26778eaa3ab3a4a6cee031137706e947d12ad'
[    3.799286] Loaded X.509 cert 'Canonical Ltd. Live Patch Signing: 14df34d1a87cf37625abec039ef2bf521249b969'
[    3.821594] Loaded X.509 cert 'Canonical Ltd. Kernel Module Signing: 88f752e560a1e0737e31163a466ad7b70a850c19'
[    3.838365] blacklist: Loading compiled-in revocation X.509 certificates
[    3.849173] Loaded X.509 cert 'Canonical Ltd. Secure Boot Signing: 61482aa2830d0ab2ad5af10b7250da9033ddcef0'
[    3.866330] Loaded X.509 cert 'Canonical Ltd. Secure Boot Signing (2017): 242ade75ac4a15e50d50c84b0d45ff3eae707a03'
[    3.885385] Loaded X.509 cert 'Canonical Ltd. Secure Boot Signing (ESM 2018): 365188c1d374d6b07c3c8f240f8ef722433d6a8b'
[    3.904077] Loaded X.509 cert 'Canonical Ltd. Secure Boot Signing (2019): c0746fd6c5da3ae827864651ad66ae47fe24b3e8'
[    3.919326] Loaded X.509 cert 'Canonical Ltd. Secure Boot Signing (2021 v1): a8d54bbb3825cfb94fa13c9f8a594a195c107b8d'
[    3.940048] Loaded X.509 cert 'Canonical Ltd. Secure Boot Signing (2021 v2): 4cf046892d6fd3c9a5b03f98d845f90851dc6a8c'
[    3.961084] Loaded X.509 cert 'Canonical Ltd. Secure Boot Signing (2021 v3): 100437bb6de6e469b581e61cd66bce3ef4ed53af'
[    3.982141] Loaded X.509 cert 'Canonical Ltd. Secure Boot Signing (Ubuntu Core 2019): c1d57b8f6b743f23ee41f4f7ee292f06eecadfb9'
[    4.001819] zswap: loaded using pool lzo/zbud
[    4.050558] Key type big_key registered
[    4.065934] Key type trusted registered
[    4.087099] Key type encrypted registered
[    4.097315] AppArmor: AppArmor sha1 policy hashing enabled
[    4.107677] ima: No TPM chip found, activating TPM-bypass! (rc=-19)
[    4.120397] ima: Allocated hash algorithm: sha1
[    4.130423] evm: HMAC attrs: 0x1
[    4.138853]   Magic number: 4:545:550
[    4.147955] tty ttyS26: hash matches
[    4.157556] clockevents clockevent1: hash matches
[    4.169513] acpi PNP0C0F:01: hash matches
[    4.183313] rtc_cmos rtc_cmos: setting system clock to 2024-08-11 21:31:09 UTC (1723411869)
[    4.203190] BIOS EDD facility v0.16 2004-Jun-25, 0 devices found
[    4.216783] EDD information not available.
[    4.240272] Freeing unused kernel image memory: 2480K
[    4.271046] Write protecting the kernel read-only data: 20480k
[    4.292875] Freeing unused kernel image memory: 2008K
[    4.309341] Freeing unused kernel image memory: 1820K
[    4.336760] x86/mm: Checked W+X mappings: passed, no W+X pages found.
[    4.356939] x86/mm: Checking user space page tables
[    4.377656] x86/mm: Checked W+X mappings: passed, no W+X pages found.
Loading, please wait...
starting version 237
[    4.687347] e1000: Intel(R) PRO/1000 Network Driver - version 7.3.21-k8-NAPI
[    4.705583] e1000: Copyright (c) 1999-2006 Intel Corporation.
[    4.755046] Fusion MPT base driver 3.04.20
[    4.771272] Copyright (c) 1999-2008 LSI Corporation
[    4.961662] SSE version of gcm_enc/dec engaged.
[    4.990054] Fusion MPT SPI Host driver 3.04.20
[    5.081610] input: ImExPS/2 Generic Explorer Mouse as /devices/platform/i8042/serio1/input/input4
[    6.473418] e1000 0000:00:03.0 eth0: (PCI:33MHz:32-bit) 02:3b:7b:b7:3b:2d
[    6.488816] e1000 0000:00:03.0 eth0: Intel(R) PRO/1000 Network Connection
[    6.510652] mptbase: ioc0: Initiating bringup
[    6.655929] ioc0: LSI53C1030 A0: Capabilities={Initiator}
[    6.980260] scsi host2: ioc0: LSI53C1030 A0, FwRev=00000000h, Ports=1, MaxQ=256, IRQ=20
[    7.171168] scsi 2:0:0:0: Direct-Access     VBOX     HARDDISK         1.0  PQ: 0 ANSI: 5
[    7.569918] scsi target2:0:0: Beginning Domain Validation
[    7.631218] scsi target2:0:0: Domain Validation skipping write tests
[    7.639572] scsi target2:0:0: Ending Domain Validation
[    7.645954] scsi target2:0:0: asynchronous
[    7.652918] scsi 2:0:1:0: Direct-Access     VBOX     HARDDISK         1.0  PQ: 0 ANSI: 5
[    7.940563] scsi target2:0:1: Beginning Domain Validation
[    7.989089] scsi target2:0:1: Domain Validation skipping write tests
[    8.002538] scsi target2:0:1: Ending Domain Validation
[    8.008867] scsi target2:0:1: asynchronous
[    8.066256] sd 2:0:0:0: [sda] 83886080 512-byte logical blocks: (42.9 GB/40.0 GiB)
[    8.096059] sd 2:0:0:0: Attached scsi generic sg0 type 0
[    8.117892] sd 2:0:1:0: Attached scsi generic sg1 type 0
[    8.128028] sd 2:0:0:0: [sda] Write Protect is off
[    8.137836] sd 2:0:0:0: [sda] Incomplete mode parameter data
[    8.148830] sd 2:0:0:0: [sda] Assuming drive cache: write through
[    8.177087] sd 2:0:1:0: [sdb] 20480 512-byte logical blocks: (10.5 MB/10.0 MiB)
[    8.206927] sd 2:0:1:0: [sdb] Write Protect is off
[    8.230793] sd 2:0:1:0: [sdb] Incomplete mode parameter data
[    8.253873] sd 2:0:1:0: [sdb] Assuming drive cache: write through
[    8.294616]  sda: sda1
[    8.322536] sd 2:0:1:0: [sdb] Attached SCSI disk
[    8.349654] sd 2:0:0:0: [sda] Attached SCSI disk
[    8.829083] e1000 0000:00:08.0 eth1: (PCI:33MHz:32-bit) 08:00:27:e7:d0:7f
[    8.851546] e1000 0000:00:08.0 eth1: Intel(R) PRO/1000 Network Connection
[    8.880508] e1000 0000:00:03.0 enp0s3: renamed from eth0
[   11.451343] e1000 0000:00:08.0 enp0s8: renamed from eth1
Begin: Loading essential drivers ... [   15.716997] raid6: sse2x1   gen()  4039 MB/s
[   15.777608] raid6: sse2x1   xor()  2764 MB/s
[   15.841514] raid6: sse2x2   gen()  5002 MB/s
[   15.900191] raid6: sse2x2   xor()  3248 MB/s
[   15.960156] raid6: sse2x4   gen()  5875 MB/s
[   16.017146] raid6: sse2x4   xor()  3706 MB/s
[   16.031155] raid6: using algorithm sse2x4 gen() 5875 MB/s
[   16.048612] raid6: .... xor() 3706 MB/s, rmw enabled
[   16.065152] raid6: using ssse3x2 recovery algorithm
[   16.092440] xor: measuring software checksum speed
[   20.424664]    prefetch64-sse: 1779353.000 MB/sec
[   21.508626]    generic_sse: 13027.000 MB/sec
[   21.524648] xor: using function: prefetch64-sse (1779353.000 MB/sec)
[   21.554309] async_tx: api initialized (async)
done.
Begin: Running /scripts/init-premount ... done.
Begin: Mounting root file system ... Begin: Running /scripts/local-top ... done.
Begin: Running /scripts/local-premount ... [   21.804537] Btrfs loaded, crc32c=crc32c-intel
Scanning for Btrfs filesystems
done.
Warning: fsck not present, so skipping root file system
[   21.909728] EXT4-fs (sda1): mounted filesystem with ordered data mode. Opts: (null)
done.
Begin: Running /scripts/local-bottom ... done.
Begin: Running /scripts/init-bottom ... done.
[   22.380942] ip_tables: (C) 2000-2006 Netfilter Core Team
[   22.430912] systemd[1]: systemd 237 running in system mode. (+PAM +AUDIT +SELINUX +IMA +APPARMOR +SMACK +SYSVINIT +UTMP +LIBCRYPTSETUP +GCRYPT +GNUTLS +ACL +XZ +LZ4 +SECCOMP +BLKID +ELFUTILS +KMOD -IDN2 +IDN -PCRE2 default-hierarchy=hybrid)
[   22.471170] systemd[1]: Detected virtualization oracle.
[   22.489758] systemd[1]: Detected architecture x86-64.

Welcome to [1mUbuntu 18.04.6 LTS[0m!

[   22.647596] systemd[1]: Set hostname to <ubuntu>.
[   22.682526] systemd[1]: Initializing machine ID from random generator.
[   22.703517] systemd[1]: Installed transient /etc/machine-id file.
[   23.545654] systemd[1]: Reached target User and Group Name Lookups.
[[0;32m  OK  [0m] Reached target User and Group Name Lookups.
[   23.580158] systemd[1]: Reached target Mounting snaps.
[[0;32m  OK  [0m] Reached target Mounting snaps.
[   23.610292] systemd[1]: Reached target Swap.
[[0;32m  OK  [0m] Reached target Swap.
[   23.642558] systemd[1]: Started Forward Password Requests to Wall Directory Watch.
[[0;32m  OK  [0m] Started Forward Password Requests to Wall Directory Watch.
[[0;32m  OK  [0m] Created slice User and Session Slice.
[[0;32m  OK  [0m] Created slice System Slice.
[[0;32m  OK  [0m] Listening on LVM2 metadata daemon socket.
[[0;32m  OK  [0m] Listening on Syslog Socket.
[[0;32m  OK  [0m] Listening on Journal Socket.
         Mounting Kernel Debug File System...
         Starting Set the console keyboard layout...
         Starting Create list of required st…ce nodes for the current kernel...
         Starting Uncomplicated firewall...
[[0;32m  OK  [0m] Listening on /dev/initctl Compatibility Named Pipe.
         Mounting POSIX Message Queue File System...
[[0;32m  OK  [0m] Listening on udev Control Socket.
         Starting Load Kernel Modules...
[[0;32m  OK  [0m] Listening on Network Service Netlink Socket.
[[0;32m  OK  [0m] Listening on fsck to fsckd communication Socket.
         Mounting Huge Pages File System...
[[0;32m  OK  [0m] Listening on LVM2 poll daemon socket.
         Starting File System Check on Root Device...
[[0;32m  OK  [0m] Set up automount Arbitrary Executab…rmats File System Automount Point.
[[0;32m  OK  [0m] Reached target Slices.
[[0;32m  OK  [0m] Listening on Journal Socket (/dev/log).
[[0;32m  OK  [0m] Listening on Journal Audit Socket.
         Starting Journal Service...
[   24.053384] Loading iSCSI transport class v2.0-870.
[[0;32m  OK  [0m] Listening on Device-mapper event daemon FIFOs.
         Starting Monitoring of LVM2 mirrors…ng dmeventd or progress polling...
[[0;32m  OK  [0m] Reached target System Time Synchronized.
[[0;32m  OK  [0m] Reached target Mounted snaps.
[[0;32m  OK  [0m] Created slice system-serial\x2dgetty.slice.
[[0;32m  OK  [0m] Listening on udev Kernel Socket.
         Starting udev Coldplug all Devices...
[[0;32m  OK  [0m] Mounted Kernel Debug File System.
[[0;32m  OK  [0m] Started Create list of required sta…vice nodes for the current kernel.
[[0;32m  OK  [0m] Started Uncomplicated firewall.
[[0;32m  OK  [0m] Mounted POSIX Message Queue File System.
[[0;32m  OK  [0m] Mounted Huge Pages File System.
[[0;32m  OK  [0m] Started File System Check on Root Device.
[[0;32m  OK  [0m] Started LVM2 metadata daemon.
[[0;32m  OK  [0m] [   24.344767] iscsi: registered transport (tcp)
Started File System Check Daemon to report status.
         Starting Remount Root and Kernel File Systems...
         Starting Create Static Device Nodes in /dev...
[   24.494083] EXT4-fs (sda1): re-mounted. Opts: (null)
[[0;32m  OK  [0m] Started Create Static Device Nodes in /dev.
[[0;32m  OK  [0m] Started Remount Root and Kernel File Systems.
         Starting Load/Save Random Seed...
         Starting udev Kernel Device Manager...
[[0;32m  OK  [0m] Started Load/Save Random Seed.
[[0;32m  OK  [0m] Started Journal Service.
[[0;32m  OK  [0m] Started Monitoring of LVM2 mirrors,…sing dmeventd or progress polling.
         Starting Flush Journal to Persistent Storage...
[[0;32m  OK  [0m] Started udev Coldplug all Devices.
[   24.893352] systemd-journald[418]: Received request to flush runtime journal from PID 1
[[0;32m  OK  [0m] Started udev Kernel Device Manager.
[   25.110574] iscsi: registered transport (iser)
[[0;32m  OK  [0m] Started Load Kernel Modules.
         Starting Apply Kernel Variables...
         Mounting Kernel Configuration File System...
         Mounting FUSE Control File System...
[[0;32m  OK  [0m] Started Flush Journal to Persistent Storage.
[[0;32m  OK  [0m] Mounted Kernel Configuration File System.
[[0;32m  OK  [0m] Mounted FUSE Control File System.
[[0;32m  OK  [0m] Started Apply Kernel Variables.
[[0;32m  OK  [0m] Found device /dev/ttyS0.
[[0;32m  OK  [0m] Listening on Load/Save RF Kill Switch Status /dev/rfkill Watch.
[[0;32m  OK  [0m] Started Set the console keyboard layout.
[[0;32m  OK  [0m] Started Dispatch Password Requests to Console Directory Watch.
[[0;32m  OK  [0m] Reached target Local Encrypted Volumes.
[[0;32m  OK  [0m] Reached target Local File Systems (Pre).
[[0;32m  OK  [0m] Reached target Local File Systems.
         Starting AppArmor initialization...
         Starting ebtables ruleset management...
         Starting Tell Plymouth To Write Out Runtime Data...
         Starting Commit a transient machine-id on disk...
         Starting Create Volatile Files and Directories...
         Starting Set console font and keymap...
[[0;32m  OK  [0m] Started Tell Plymouth To Write Out Runtime Data.
         Mounting Arbitrary Executable File Formats File System...
[[0;32m  OK  [0m] Started Commit a transient machine-id on disk.
[[0;32m  OK  [0m] Mounted Arbitrary Executable File Formats File System.
[[0;32m  OK  [0m] Started Create Volatile Files and Directories.
         Starting Update UTMP about System Boot/Shutdown...
[[0;32m  OK  [0m] Started Update UTMP about System Boot/Shutdown.
[[0;32m  OK  [0m] Started ebtables ruleset management.
[[0;32m  OK  [0m] Started AppArmor initialization.
         Starting Load AppArmor profiles managed internally by snapd...
         Starting Initial cloud-init job (pre-networking)...
[[0;32m  OK  [0m] Started Load AppArmor profiles managed internally by snapd.
[[0;32m  OK  [0m] Started Set console font and keymap.
[   37.424070] cloud-init[762]: Cloud-init v. 23.1.2-0ubuntu0~18.04.1 running 'init-local' at Sun, 11 Aug 2024 21:31:41 +0000. Up 36.21 seconds.
[[0;32m  OK  [0m] Started Initial cloud-init job (pre-networking).
[[0;32m  OK  [0m] Reached target Network (Pre).
         Starting Network Service...
[[0;32m  OK  [0m] Started Network Service.
         Starting Wait for Network to be Configured...
         Starting Network Name Resolution...
[[0;32m  OK  [0m] Started Network Name Resolution.
[[0;32m  OK  [0m] Reached target Host and Network Name Lookups.
[[0;32m  OK  [0m] Reached target Network.
[[0;32m  OK  [0m] Started Wait for Network to be Configured.
         Starting Initial cloud-init job (metadata service crawler)...
[   40.584829] cloud-init[913]: Cloud-init v. 23.1.2-0ubuntu0~18.04.1 running 'init' at Sun, 11 Aug 2024 21:31:45 +0000. Up 40.37 seconds.
[   40.592492] cloud-init[913]: ci-info: ++++++++++++++++++++++++++++++++++++++Net device info+++++++++++++++++++++++++++++++++++++++
[   40.597680] cloud-init[913]: ci-info: +--------+-------+----------------------------+---------------+--------+-------------------+
[   40.604044] cloud-init[913]: ci-info: | Device |   Up  |          Address           |      Mask     | Scope  |     Hw-Address    |
[   40.609761] cloud-init[913]: ci-info: +--------+-------+----------------------------+---------------+--------+-------------------+
[   40.615386] cloud-init[913]: ci-info: | enp0s3 |  True |         10.0.2.15          | 255.255.255.0 | global | 02:3b:7b:b7:3b:2d |
[   40.620628] cloud-init[913]: ci-info: | enp0s3 |  True | fe80::3b:7bff:feb7:3b2d/64 |       .       |  link  | 02:3b:7b:b7:3b:2d |
[   40.625477] cloud-init[913]: ci-info: | enp0s8 | False |             .              |       .       |   .    | 08:00:27:e7:d0:7f |
[   40.630789] cloud-init[913]: ci-info: |   lo   |  True |         127.0.0.1          |   255.0.0.0   |  host  |         .         |
[   40.635829] cloud-init[913]: ci-info: |   lo   |  True |          ::1/128           |       .       |  host  |         .         |
[   40.640952] cloud-init[913]: ci-info: +--------+-------+----------------------------+---------------+--------+-------------------+
[   40.646016] cloud-init[913]: ci-info: ++++++++++++++++++++++++++++Route IPv4 info+++++++++++++++++++++++++++++
[   40.650506] cloud-init[913]: ci-info: +-------+-------------+----------+-----------------+-----------+-------+
[   40.654858] cloud-init[913]: ci-info: | Route | Destination | Gateway  |     Genmask     | Interface | Flags |
[   40.659524] cloud-init[913]: ci-info: +-------+-------------+----------+-----------------+-----------+-------+
[   40.664639] cloud-init[913]: ci-info: |   0   |   0.0.0.0   | 10.0.2.2 |     0.0.0.0     |   enp0s3  |   UG  |
[   40.669751] cloud-init[913]: ci-info: |   1   |   10.0.2.0  | 0.0.0.0  |  255.255.255.0  |   enp0s3  |   U   |
[   40.674203] cloud-init[913]: ci-info: |   2   |   10.0.2.2  | 0.0.0.0  | 255.255.255.255 |   enp0s3  |   UH  |
[   40.679194] cloud-init[913]: ci-info: +-------+-------------+----------+-----------------+-----------+-------+
[   40.683630] cloud-init[913]: ci-info: +++++++++++++++++++Route IPv6 info+++++++++++++++++++
[   40.687036] cloud-init[913]: ci-info: +-------+-------------+---------+-----------+-------+
[   40.690686] cloud-init[913]: ci-info: | Route | Destination | Gateway | Interface | Flags |
[   40.705687] cloud-init[913]: ci-info: +-------+-------------+---------+-----------+-------+
[   40.708836] cloud-init[913]: ci-info: |   1   |  fe80::/64  |    ::   |   enp0s3  |   U   |
[   40.712830] cloud-init[913]: ci-info: |   3   |    local    |    ::   |   enp0s3  |   U   |
[   40.716665] cloud-init[913]: ci-info: |   4   |   ff00::/8  |    ::   |   enp0s3  |   U   |
[   40.719899] cloud-init[913]: ci-info: +-------+-------------+---------+-----------+-------+
[   42.271997] cloud-init[913]: Generating public/private rsa key pair.
[   42.276648] cloud-init[913]: Your identification has been saved in /etc/ssh/ssh_host_rsa_key.
[   42.281495] cloud-init[913]: Your public key has been saved in /etc/ssh/ssh_host_rsa_key.pub.
[   42.285580] cloud-init[913]: The key fingerprint is:
[   42.288362] cloud-init[913]: SHA256:FX+VjBv9H6aAvQv+5j7QJgrZd1bBVKjlE5UigcGCM04 root@ubuntu-bionic
[   42.293902] cloud-init[913]: The key's randomart image is:
[   42.297082] cloud-init[913]: +---[RSA 2048]----+
[   42.299546] cloud-init[913]: |      . ..+.+.Bo+|
[   42.302005] cloud-init[913]: |     E . o + X * |
[   42.304636] cloud-init[913]: |    o o . + * B .|
[   42.307074] cloud-init[913]: |     .   o + * o.|
[   42.310189] cloud-init[913]: |      o S . + + o|
[   42.317527] cloud-init[913]: |     o . = * .  .|
[   42.324656] cloud-init[913]: |      . + B .    |
[   42.331514] cloud-init[913]: |       . . +     |
[   42.338308] cloud-init[913]: |          =+.    |
[   42.345066] cloud-init[913]: +----[SHA256]-----+
[   42.352004] cloud-init[913]: Generating public/private dsa key pair.
[   42.360929] cloud-init[913]: Your identification has been saved in /etc/ssh/ssh_host_dsa_key.
[   42.373148] cloud-init[913]: Your public key has been saved in /etc/ssh/ssh_host_dsa_key.pub.
[   42.382776] cloud-init[913]: The key fingerprint is:
[   42.390510] cloud-init[913]: SHA256:AS/a4GzNUvxH12Gq4eLshv6Rx/YfK+Q4X/xmk7YBqtw root@ubuntu-bionic[[0;32m  OK  [0m] 
[   42.402282] cloud-init[913]: The key's randomart image is:
[   42.402563] cloud-init[913]: +---[DSA 1024]----+
[   42.402605] cloud-init[913]: |      .       o  |
[   42.402648] cloud-init[913]: |     . o     + . |
[   42.403264] cloud-init[913]: |    . + o o o .  |
[   42.403358] cloud-init[913]: |   o B o + +     |
[   42.404290] cloud-init[913]: |    * + S +  .   |
[   42.404644] cloud-init[913]: |   . . o =  o..  |
[   42.405172] cloud-init[913]: |       .= +=  +..|
[   42.405698] cloud-init[913]: |      ..o+=.o. B+|
[   42.406230] cloud-init[913]: |     ..ooo Eoo+++|
[   42.406742] cloud-init[913]: +----[SHA256]-----+
[   42.407336] cloud-init[913]: Generating public/private ecdsa key pair.
[   42.407852] cloud-init[913]: Your identification has been saved in /etc/ssh/ssh_host_ecdsa_key.
[   42.407971] cloud-init[913]: Your public key has been saved in /etc/ssh/ssh_host_ecdsa_key.pub.
[   42.408059] cloud-init[913]: The key fingerprint is:
[   42.408408] cloud-init[913]: SHA256:JYjbjM0/lONpOduCEFDWWrECuba9Lf3LwCEYRnLbByE root@ubuntu-bionic
[   42.408956] cloud-init[913]: The key's randomart image is:
[   42.409476] cloud-init[913]: +---[ECDSA 256]---+
[   42.410072] cloud-init[913]: |. Eo=o..         |
[   42.410616] cloud-init[913]: | +o* ooo         |
[   42.411145] cloud-init[913]: |  +o+o+ . .      |
[   42.411663] cloud-init[913]: | .oooX   +       |
[   42.413184] cloud-init[913]: | ..o+.* S        |
[   42.413719] cloud-init[913]: |  . oo = +       |
[   42.414270] cloud-init[913]: |     =o.O        |
[   42.414790] cloud-init[913]: |    o ++.=       |
[   42.415275] cloud-init[913]: |     . .=o.      |
[   42.415801] cloud-init[913]: +----[SHA256]-----+
[   42.416961] cloud-init[913]: Generating public/private ed25519 key pair.
[   42.417458] cloud-init[913]: Your identification has been saved in /etc/ssh/ssh_host_ed25519_key.
[   42.418974] cloud-init[913]: Your public key has been saved in /etc/ssh/ssh_host_ed25519_key.pub.
[   42.419443] cloud-init[913]: The key fingerprint is:
[   42.419944] cloud-init[913]: SHA256:xuGkCD/loAYxPXKP4GBxWi3NbRR34jvUehAvqegSeak root@ubuntu-bionic
[   42.421038] cloud-init[913]: The key's randomart image is:
[   42.421551] cloud-init[913]: +--[ED25519 256]--+
[   42.422037] cloud-init[913]: |oo.o+ oo.+ .     |
[   42.422540] cloud-init[913]: |++B. + oo B      |
[   42.423026] cloud-init[913]: |==.+o o o* o     |
[   42.423474] cloud-init[913]: | o.+o=o=o.=      |
[   42.423954] cloud-init[913]: |  oo++o.S+ .     |
[   42.425056] cloud-init[913]: | .  =. .  o      |
[   42.425538] cloud-init[913]: |   E .           |
[   42.425994] cloud-init[913]: |    .            |
[   42.426530] cloud-init[913]: |                 |
[   42.426936] cloud-init[913]: +----[SHA256]-----+
Started Initial cloud-init job (metadata service crawler).
[[0;32m  OK  [0m] Reached target Cloud-config availability.
[[0;32m  OK  [0m] Reached target System Initialization.
[[0;32m  OK  [0m] Listening on cloud-init hotplug hook socket.
         Starting LXD - unix socket.
[[0;32m  OK  [0m] Listening on ACPID Listen Socket.
[[0;32m  OK  [0m] Started Ubuntu Advantage Timer for running repeated jobs.
[[0;32m  OK  [0m] Listening on Open-iSCSI iscsid Socket.
         Starting Socket activation for snappy daemon.
[[0;32m  OK  [0m] Listening on D-Bus System Message Bus Socket.
[[0;32m  OK  [0m] Started ACPI Events Check.
[[0;32m  OK  [0m] Reached target Paths.
[[0;32m  OK  [0m] Listening on UUID daemon activation socket.
[[0;32m  OK  [0m] Started Daily apt download activities.
[[0;32m  OK  [0m] Started Daily apt upgrade and clean activities.
[[0;32m  OK  [0m] Started Discard unused blocks once a week.
[[0;32m  OK  [0m] Started Daily Cleanup of Temporary Directories.
[[0;32m  OK  [0m] Started Message of the Day.
[[0;32m  OK  [0m] Reached target Timers.
[[0;32m  OK  [0m] Reached target Network is Online.
         Starting Availability of block devices...
[[0;32m  OK  [0m] Reached target Remote File Systems (Pre).
[[0;32m  OK  [0m] Reached target Remote File Systems.
[[0;32m  OK  [0m] Listening on LXD - unix socket.
[[0;32m  OK  [0m] Listening on Socket activation for snappy daemon.
[[0;32m  OK  [0m] Started Availability of block devices.
[[0;32m  OK  [0m] Reached target Sockets.
[[0;32m  OK  [0m] Reached target Basic System.
[[0;32m  OK  [0m] Reached target Login Prompts (Pre).
         Starting LSB: automatic crash report generation...
         Starting Login Service...
         Starting Pollinate to seed the pseudo random number generator...
         Starting Accounts Service...
         Starting Dispatcher daemon for systemd-networkd...
         Starting Virtualbox guest utils...
[[0;32m  OK  [0m] Started Regular background program processing daemon.
[[0;32m  OK  [0m] Started D-Bus System Message Bus.
[[0;32m  OK  [0m] Started Login Service.
[[0;32m  OK  [0m] Started Unattended Upgrades Shutdown.
[[0;32m  OK  [0m] Started Deferred execution scheduler.
         Starting Permit User Sessions...
[[0;32m  OK  [0m] Started FUSE filesystem for LXC.
         Starting LSB: Record successful boot for GRUB...
         Starting LXD - container startup/shutdown...
[[0;32m  OK  [0m] Started irqbalance daemon.
         Starting System Logging Service...
         Starting Snap Daemon...
[[0;32m  OK  [0m] Started Permit User Sessions.
[[0;32m  OK  [0m] Started System Logging Service.
         Starting Authorization Manager...
         Starting Terminate Plymouth Boot Screen...
         Starting Hold until boot process finishes up...
[[0;32m  OK  [0m] Started Hold until boot process finishes up.
[[0;32m  OK  [0m] Started Terminate Plymouth Boot Screen.
[[0;32m  OK  [0m] Started LSB: automatic crash report generation.
         Starting Set console scheme...
[[0;32m  OK  [0m] Started Serial Getty on ttyS0.
[[0;32m  OK  [0m] Started Set console scheme.
[[0;32m  OK  [0m] Created slice system-getty.slice.
[[0;32m  OK  [0m] Started Getty on tty1.
[[0;32m  OK  [0m] Reached target Login Prompts.
[[0;32m  OK  [0m] Started LSB: Record successful boot for GRUB.
[[0;32m  OK  [0m] Started Authorization Manager.
[[0;32m  OK  [0m] Started Accounts Service.
[[0;32m  OK  [0m] Started Dispatcher daemon for systemd-networkd.
[[0;32m  OK  [0m] Started LXD - container startup/shutdown.
[[0;32m  OK  [0m] Started Virtualbox guest utils.
[[0;32m  OK  [0m] Started Snap Daemon.
         Starting Wait until snapd is fully seeded...
[[0;32m  OK  [0m] Started Pollinate to seed the pseudo random number generator.
         Starting OpenBSD Secure Shell server...
[[0;32m  OK  [0m] Started OpenBSD Secure Shell server.
[[0;32m  OK  [0m] Created slice User Slice of vagrant.
         Starting User Manager for UID 1000...
[[0;32m  OK  [0m] Started Session 1 of user vagrant.
         Starting Time & Date Service...
[[0;32m  OK  [0m] Started User Manager for UID 1000.
[[0;32m  OK  [0m] Started Time & Date Service.

Ubuntu 18.04.6 LTS ubuntu-bionic ttyS0

ubuntu-bionic login: [   55.560426] cloud-init[1598]: Cloud-init v. 23.1.2-0ubuntu0~18.04.1 running 'modules:config' at Sun, 11 Aug 2024 21:31:59 +0000. Up 54.33 seconds.
ci-info: no authorized SSH keys fingerprints found for user ubuntu.
<14>Aug 11 21:32:02 cloud-init: #############################################################
<14>Aug 11 21:32:02 cloud-init: -----BEGIN SSH HOST KEY FINGERPRINTS-----
<14>Aug 11 21:32:02 cloud-init: 1024 SHA256:AS/a4GzNUvxH12Gq4eLshv6Rx/YfK+Q4X/xmk7YBqtw root@ubuntu-bionic (DSA)
<14>Aug 11 21:32:02 cloud-init: 256 SHA256:JYjbjM0/lONpOduCEFDWWrECuba9Lf3LwCEYRnLbByE root@ubuntu-bionic (ECDSA)
<14>Aug 11 21:32:02 cloud-init: 256 SHA256:xuGkCD/loAYxPXKP4GBxWi3NbRR34jvUehAvqegSeak root@ubuntu-bionic (ED25519)
<14>Aug 11 21:32:02 cloud-init: 2048 SHA256:FX+VjBv9H6aAvQv+5j7QJgrZd1bBVKjlE5UigcGCM04 root@ubuntu-bionic (RSA)
<14>Aug 11 21:32:02 cloud-init: -----END SSH HOST KEY FINGERPRINTS-----
<14>Aug 11 21:32:02 cloud-init: #############################################################
-----BEGIN SSH HOST KEY KEYS-----
ecdsa-sha2-nistp256 AAAAE2VjZHNhLXNoYTItbmlzdHAyNTYAAAAIbmlzdHAyNTYAAABBBMIPb4jMMjxnm2qP5PyUJ26L1WAjyPeJHoVdymZsD55E9UXCcYXLN0+BSJtMTWAplmJlG8y/snIAG6Lblv0sNUk= root@ubuntu-bionic
ssh-ed25519 AAAAC3NzaC1lZDI1NTE5AAAAIJj+mI1hclT6+/gNuBOnVi1V3bjj6ORezZSnOE7c34iF root@ubuntu-bionic
ssh-rsa AAAAB3NzaC1yc2EAAAADAQABAAABAQC6IpVKUaHJDhH/LvLLQoQ188blDs2ktie7iK7tAXLUp68+fep6SvqgIgOhLCXlP6FiQijM+Ik47cnUrUmI4TBKpkqI4ai11zQ4FKMw07QbF2QUn/xINRrCS44dWmdkEfJUWSZ5vATEJ5UmLVmeZGyYi6E2AlQvVKVrR4K9kfgOGLXn8BzLywLOBaJ4YiRc61nWV43mVsFY6atYOklEWnHQ9/Rtn4NEhD3PJmaD/27ray0ZsVVHcTNv6qmdM+ZafHH7FIciJHXfxxca+PI1LFl/FjmHIYqJCVuM33/KKBabBuay1GxHtMCf4obAwHMcEORsrBt+kw7LSyGrtBc9aQQl root@ubuntu-bionic
-----END SSH HOST KEY KEYS-----
[   57.027463] cloud-init[1764]: Cloud-init v. 23.1.2-0ubuntu0~18.04.1 running 'modules:final' at Sun, 11 Aug 2024 21:32:01 +0000. Up 56.39 seconds.
[   57.027712] cloud-init[1764]: Cloud-init v. 23.1.2-0ubuntu0~18.04.1 finished at Sun, 11 Aug 2024 21:32:02 +0000. Datasource DataSourceNoCloud [seed=/dev/sdb][dsmode=net].  Up 56.93 seconds
